<?xml version="1.0" encoding="UTF-8"?>
<!-- Generated by org.testng.reporters.JUnitReportReporter -->
<testsuite hostname="DESKTOP-0QRRNQO" failures="0" tests="1" name="testing.logintest" time="5.792" errors="0" timestamp="2022-05-05T07:56:47 IST" skipped="0">
  <testcase classname="testing.logintest" name="tc1" time="5.792"/>
  <system-out/>
</testsuite> <!-- testing.logintest -->
